Reading netlist file: "/home/tallguydesi/Documents/GitHub/DSP_Hi_Res_Audio_DAC/impl/gwsynthesis/DSP_DAC_UDA1334.vg"
Parsing netlist file "/home/tallguydesi/Documents/GitHub/DSP_Hi_Res_Audio_DAC/impl/gwsynthesis/DSP_DAC_UDA1334.vg" completed
Processing netlist completed
Reading constraint file: "/home/tallguydesi/Documents/GitHub/DSP_Hi_Res_Audio_DAC/src/DSP_DAC_UDA1334.cst"
Physical Constraint parsed completed
Running placement......
[10%] Placement Phase 0 completed
[20%] Placement Phase 1 completed
[30%] Placement Phase 2 completed
[50%] Placement Phase 3 completed
Running routing......
[60%] Routing Phase 0 completed
[70%] Routing Phase 1 completed
[80%] Routing Phase 2 completed
[90%] Routing Phase 3 completed
Running timing analysis......
[95%] Timing analysis completed
Placement and routing completed
Bitstream generation in progress......
Bitstream generation completed
Running power analysis......
[100%] Power analysis completed
Generate file "/home/tallguydesi/Documents/GitHub/DSP_Hi_Res_Audio_DAC/impl/pnr/DSP_DAC_UDA1334.power.html" completed
Generate file "/home/tallguydesi/Documents/GitHub/DSP_Hi_Res_Audio_DAC/impl/pnr/DSP_DAC_UDA1334.pin.html" completed
Generate file "/home/tallguydesi/Documents/GitHub/DSP_Hi_Res_Audio_DAC/impl/pnr/DSP_DAC_UDA1334.rpt.html" completed
Generate file "/home/tallguydesi/Documents/GitHub/DSP_Hi_Res_Audio_DAC/impl/pnr/DSP_DAC_UDA1334.rpt.txt" completed
Generate file "/home/tallguydesi/Documents/GitHub/DSP_Hi_Res_Audio_DAC/impl/pnr/DSP_DAC_UDA1334.tr.html" completed
Wed Jun  4 00:29:16 2025

